<?xml version="1.0" encoding="UTF-8"?>
<!-- Generated by org.testng.reporters.JUnitReportReporter -->
<testsuite hostname="DESKTOP-HU2SPDA" failures="0" tests="1" name="genxsolutions.waitTest" time="7.411" errors="0" timestamp="2024-01-22T14:57:25 IST" skipped="0">
  <testcase classname="genxsolutions.waitTest" name="testUntitled" time="7.411"/>
  <system-out/>
</testsuite> <!-- genxsolutions.waitTest -->
